<?xml version="1.0" encoding="UTF-8"?>
<robot generator="Robot 4.1.2 (Python 3.10.0 on win32)" generated="20211129 20:04:25.012" rpa="false" schemaversion="2">
<suite id="s1" name="trucosElementos" source="C:\Users\maflo\OneDrive\Escritorio\Automatio\ArrayYLoops2\trucosElementos.robot">
<test id="s1-t1" name="001 Ir al Blog de Winston Castillo">
<kw name="Open HomePage" library="recursos">
<kw name="Open Browser" library="Selenium2Library">
<arg>${homePage}</arg>
<arg>${browser}</arg>
<doc>Opens a new browser instance to the optional ``url``.</doc>
<msg timestamp="20211129 20:04:25.293" level="INFO">Opening browser 'chrome' to base url 'http://www.winstoncastillo.com/udemy/'.</msg>
<status status="PASS" starttime="20211129 20:04:25.293" endtime="20211129 20:04:28.760"/>
</kw>
<status status="PASS" starttime="20211129 20:04:25.292" endtime="20211129 20:04:28.760"/>
</kw>
<kw name="Title Should Be" library="Selenium2Library">
<arg>Hola Mundo!</arg>
<doc>Verifies that the current page title equals ``title``.</doc>
<msg timestamp="20211129 20:04:28.765" level="INFO">Page title is 'Hola Mundo!'.</msg>
<status status="PASS" starttime="20211129 20:04:28.761" endtime="20211129 20:04:28.765"/>
</kw>
<kw name="Set Focus To Element" library="Selenium2Library">
<arg>xpath=/html/body/div[1]/div/div[2]/a[1]</arg>
<doc>Sets the focus to the element identified by ``locator``.</doc>
<status status="PASS" starttime="20211129 20:04:28.766" endtime="20211129 20:04:28.796"/>
</kw>
<kw name="Click Link" library="Selenium2Library">
<arg>xpath=/html/body/div[1]/div/div[2]/a[1]</arg>
<doc>Clicks a link identified by ``locator``.</doc>
<msg timestamp="20211129 20:04:28.798" level="INFO">Clicking link 'xpath=/html/body/div[1]/div/div[2]/a[1]'.</msg>
<status status="PASS" starttime="20211129 20:04:28.798" endtime="20211129 20:04:34.616"/>
</kw>
<kw name="Wait Until Element Is Visible" library="Selenium2Library">
<arg>xpath=//*[@id="page-content"]/div</arg>
<doc>Waits until the element ``locator`` is visible.</doc>
<status status="PASS" starttime="20211129 20:04:34.617" endtime="20211129 20:04:34.652"/>
</kw>
<kw name="Title Should Be" library="Selenium2Library">
<arg>Winston Castillo – Un sitio para comunicarse</arg>
<doc>Verifies that the current page title equals ``title``.</doc>
<msg timestamp="20211129 20:04:34.659" level="INFO">Page title is 'Winston Castillo – Un sitio para comunicarse'.</msg>
<status status="PASS" starttime="20211129 20:04:34.652" endtime="20211129 20:04:34.660"/>
</kw>
<kw name="Close Browser" library="Selenium2Library">
<doc>Closes the current browser.</doc>
<status status="PASS" starttime="20211129 20:04:34.660" endtime="20211129 20:04:36.784"/>
</kw>
<status status="PASS" starttime="20211129 20:04:25.291" endtime="20211129 20:04:36.784"/>
</test>
<test id="s1-t2" name="002 Abrir Ventana Modal">
<kw name="Open HomePage" library="recursos">
<kw name="Open Browser" library="Selenium2Library">
<arg>${homePage}</arg>
<arg>${browser}</arg>
<doc>Opens a new browser instance to the optional ``url``.</doc>
<msg timestamp="20211129 20:04:36.787" level="INFO">Opening browser 'chrome' to base url 'http://www.winstoncastillo.com/udemy/'.</msg>
<status status="PASS" starttime="20211129 20:04:36.786" endtime="20211129 20:04:40.533"/>
</kw>
<status status="PASS" starttime="20211129 20:04:36.786" endtime="20211129 20:04:40.534"/>
</kw>
<kw name="Title Should Be" library="Selenium2Library">
<arg>Hola Mundo!</arg>
<doc>Verifies that the current page title equals ``title``.</doc>
<msg timestamp="20211129 20:04:40.541" level="INFO">Page title is 'Hola Mundo!'.</msg>
<status status="PASS" starttime="20211129 20:04:40.534" endtime="20211129 20:04:40.541"/>
</kw>
<kw name="Set Focus To Element" library="Selenium2Library">
<arg>xpath=/html/body/div[1]/div/div[2]/a[2]</arg>
<doc>Sets the focus to the element identified by ``locator``.</doc>
<status status="PASS" starttime="20211129 20:04:40.541" endtime="20211129 20:04:40.569"/>
</kw>
<kw name="Click Link" library="Selenium2Library">
<arg>xpath=/html/body/div[1]/div/div[2]/a[2]</arg>
<doc>Clicks a link identified by ``locator``.</doc>
<msg timestamp="20211129 20:04:40.571" level="INFO">Clicking link 'xpath=/html/body/div[1]/div/div[2]/a[2]'.</msg>
<status status="PASS" starttime="20211129 20:04:40.570" endtime="20211129 20:04:40.616"/>
</kw>
<kw name="Title Should Be" library="Selenium2Library">
<arg>Hola Mundo!</arg>
<doc>Verifies that the current page title equals ``title``.</doc>
<msg timestamp="20211129 20:04:40.620" level="INFO">Page title is 'Hola Mundo!'.</msg>
<status status="PASS" starttime="20211129 20:04:40.616" endtime="20211129 20:04:40.620"/>
</kw>
<kw name="Wait Until Element Is Visible" library="Selenium2Library">
<arg>xpath=//*[@id="exampleModal"]/div/div/div[2]</arg>
<doc>Waits until the element ``locator`` is visible.</doc>
<status status="PASS" starttime="20211129 20:04:40.620" endtime="20211129 20:04:40.869"/>
</kw>
<kw name="Close Browser" library="Selenium2Library">
<doc>Closes the current browser.</doc>
<status status="PASS" starttime="20211129 20:04:40.869" endtime="20211129 20:04:42.966"/>
</kw>
<status status="PASS" starttime="20211129 20:04:36.785" endtime="20211129 20:04:42.967"/>
</test>
<status status="PASS" starttime="20211129 20:04:25.014" endtime="20211129 20:04:42.968"/>
</suite>
<statistics>
<total>
<stat pass="2" fail="0" skip="0">All Tests</stat>
</total>
<tag>
</tag>
<suite>
<stat pass="2" fail="0" skip="0" id="s1" name="trucosElementos">trucosElementos</stat>
</suite>
</statistics>
<errors>
</errors>
</robot>
